<?xml version="1.0" encoding="UTF-8"?>
<testsuite name="FizzBuzzTest" tests="5" skipped="0" failures="0" errors="0" timestamp="2018-10-19T21:07:18" hostname="Jedi" time="0.005">
  <properties/>
  <testcase name="runFizzBuzz_replaceMultiplesOf3_ArrayList" classname="FizzBuzzTest" time="0.001"/>
  <testcase name="runFizzBuzz_replaceMultiplesOf5_ArrayList" classname="FizzBuzzTest" time="0.0"/>
  <testcase name="runFizzBuzz_replaceMultiplesOf3And5_ArrayList" classname="FizzBuzzTest" time="0.001"/>
  <testcase name="runFizzBuzz_countUpTo1_ArrayList" classname="FizzBuzzTest" time="0.002"/>
  <testcase name="runFizzBuzz_countUpToGivenNumber_ArrayList" classname="FizzBuzzTest" time="0.0"/>
  <system-out><![CDATA[]]></system-out>
  <system-err><![CDATA[]]></system-err>
</testsuite>
